<?xml version="1.0" encoding="UTF-8"?>
<testng-results ignored="0" total="1" passed="1" failed="0" skipped="0">
  <reporter-output>
  </reporter-output>
  <suite started-at="2025-01-26T18:03:52 IST" name="Default suite" finished-at="2025-01-26T18:04:25 IST" duration-ms="33823">
    <groups>
    </groups>
    <test started-at="2025-01-26T18:03:52 IST" name="Default test" finished-at="2025-01-26T18:04:25 IST" duration-ms="33823">
      <class name="testcases.Login">
        <test-method signature="LoginTest()[pri:0, instance:testcases.Login@3590fc5b]" started-at="2025-01-26T18:03:52 IST" name="LoginTest" finished-at="2025-01-26T18:04:25 IST" duration-ms="33696" status="PASS">
          <reporter-output>
          </reporter-output>
        </test-method> <!-- LoginTest -->
      </class> <!-- testcases.Login -->
    </test> <!-- Default test -->
  </suite> <!-- Default suite -->
</testng-results>
